[debug] [2025-04-17T10:10:40.787Z] ----------------------------------------------------------------------
[debug] [2025-04-17T10:10:40.789Z] Command:       /home/dave/.nvm/versions/node/v22.11.0/bin/node /home/dave/.nvm/versions/node/v22.11.0/bin/firebase init
[debug] [2025-04-17T10:10:40.790Z] CLI Version:   14.2.0
[debug] [2025-04-17T10:10:40.790Z] Platform:      linux
[debug] [2025-04-17T10:10:40.790Z] Node Version:  v22.11.0
[debug] [2025-04-17T10:10:40.790Z] Time:          Thu Apr 17 2025 11:10:40 GMT+0100 (West Africa Standard Time)
[debug] [2025-04-17T10:10:40.791Z] ----------------------------------------------------------------------
[debug] 
[debug] [2025-04-17T10:10:40.796Z] > command requires scopes: ["email","openid","https://www.googleapis.com/auth/cloudplatformprojects.readonly","https://www.googleapis.com/auth/firebase","https://www.googleapis.com/auth/cloud-platform"]
[debug] [2025-04-17T10:10:40.797Z] > authorizing via signed-in user (deeemperor101@gmail.com)
[info] 
     ######## #### ########  ######## ########     ###     ######  ########
     ##        ##  ##     ## ##       ##     ##  ##   ##  ##       ##
     ######    ##  ########  ######   ########  #########  ######  ######
     ##        ##  ##    ##  ##       ##     ## ##     ##       ## ##
     ##       #### ##     ## ######## ########  ##     ##  ######  ########

You're about to initialize a Firebase project in this directory:

  /home/dave/Desktop/peerIQ

[info] 
=== Project Setup
[info] 
[info] First, let's associate this project directory with a Firebase project.
[info] You can create multiple project aliases by running firebase use --add, 
[info] but for now we'll just set up a default project.
[info] 
[debug] [2025-04-17T10:11:00.818Z] Checked if tokens are valid: true, expires at: 1744887218961
[debug] [2025-04-17T10:11:00.818Z] Checked if tokens are valid: true, expires at: 1744887218961
[debug] [2025-04-17T10:11:00.820Z] >>> [apiv2][query] GET https://firebase.googleapis.com/v1beta1/projects pageSize=100
[debug] [2025-04-17T10:11:03.207Z] <<< [apiv2][status] GET https://firebase.googleapis.com/v1beta1/projects 200
[debug] [2025-04-17T10:11:03.208Z] <<< [apiv2][body] GET https://firebase.googleapis.com/v1beta1/projects [omitted]
[info] i  Using project peeriq-72fc3 (peerIQ) 
[info] 
=== Dataconnect Setup
[debug] [2025-04-17T10:11:04.614Z] Checked if tokens are valid: true, expires at: 1744887218961
[debug] [2025-04-17T10:11:04.614Z] Checked if tokens are valid: true, expires at: 1744887218961
[debug] [2025-04-17T10:11:04.615Z] >>> [apiv2][query] GET https://cloudbilling.googleapis.com/v1/projects/peeriq-72fc3/billingInfo [none]
[debug] [2025-04-17T10:11:06.225Z] <<< [apiv2][status] GET https://cloudbilling.googleapis.com/v1/projects/peeriq-72fc3/billingInfo 200
[debug] [2025-04-17T10:11:06.226Z] <<< [apiv2][body] GET https://cloudbilling.googleapis.com/v1/projects/peeriq-72fc3/billingInfo {"name":"projects/peeriq-72fc3/billingInfo","projectId":"peeriq-72fc3","billingAccountName":"","billingEnabled":false}
[info] i  dataconnect: ensuring required API sqladmin.googleapis.com is enabled... 
[debug] [2025-04-17T10:11:06.230Z] Checked if tokens are valid: true, expires at: 1744887218961
[debug] [2025-04-17T10:11:06.230Z] Checked if tokens are valid: true, expires at: 1744887218961
[debug] [2025-04-17T10:11:06.230Z] >>> [apiv2][query] GET https://serviceusage.googleapis.com/v1/projects/peeriq-72fc3/services/sqladmin.googleapis.com [none]
[debug] [2025-04-17T10:11:06.231Z] >>> [apiv2][(partial)header] GET https://serviceusage.googleapis.com/v1/projects/peeriq-72fc3/services/sqladmin.googleapis.com x-goog-quota-user=projects/peeriq-72fc3
[debug] [2025-04-17T10:11:07.812Z] <<< [apiv2][status] GET https://serviceusage.googleapis.com/v1/projects/peeriq-72fc3/services/sqladmin.googleapis.com 200
[debug] [2025-04-17T10:11:07.813Z] <<< [apiv2][body] GET https://serviceusage.googleapis.com/v1/projects/peeriq-72fc3/services/sqladmin.googleapis.com [omitted]
[warn] ⚠  dataconnect: missing required API sqladmin.googleapis.com. Enabling now... 
[debug] [2025-04-17T10:11:07.815Z] Checked if tokens are valid: true, expires at: 1744887218961
[debug] [2025-04-17T10:11:07.815Z] Checked if tokens are valid: true, expires at: 1744887218961
[debug] [2025-04-17T10:11:07.816Z] >>> [apiv2][query] POST https://serviceusage.googleapis.com/v1/projects/peeriq-72fc3/services/sqladmin.googleapis.com:enable [none]
[debug] [2025-04-17T10:11:07.816Z] >>> [apiv2][(partial)header] POST https://serviceusage.googleapis.com/v1/projects/peeriq-72fc3/services/sqladmin.googleapis.com:enable x-goog-quota-user=projects/peeriq-72fc3
[debug] [2025-04-17T10:11:08.772Z] <<< [apiv2][status] POST https://serviceusage.googleapis.com/v1/projects/peeriq-72fc3/services/sqladmin.googleapis.com:enable 200
[debug] [2025-04-17T10:11:08.772Z] <<< [apiv2][body] POST https://serviceusage.googleapis.com/v1/projects/peeriq-72fc3/services/sqladmin.googleapis.com:enable [omitted]
[debug] [2025-04-17T10:11:18.777Z] Checked if tokens are valid: true, expires at: 1744887218961
[debug] [2025-04-17T10:11:18.777Z] Checked if tokens are valid: true, expires at: 1744887218961
[debug] [2025-04-17T10:11:18.778Z] >>> [apiv2][query] GET https://serviceusage.googleapis.com/v1/projects/peeriq-72fc3/services/sqladmin.googleapis.com [none]
[debug] [2025-04-17T10:11:18.778Z] >>> [apiv2][(partial)header] GET https://serviceusage.googleapis.com/v1/projects/peeriq-72fc3/services/sqladmin.googleapis.com x-goog-quota-user=projects/peeriq-72fc3
[debug] [2025-04-17T10:11:20.145Z] <<< [apiv2][status] GET https://serviceusage.googleapis.com/v1/projects/peeriq-72fc3/services/sqladmin.googleapis.com 200
[debug] [2025-04-17T10:11:20.145Z] <<< [apiv2][body] GET https://serviceusage.googleapis.com/v1/projects/peeriq-72fc3/services/sqladmin.googleapis.com [omitted]
[info] ✔  dataconnect: required API sqladmin.googleapis.com is enabled 
[info] ✔  Wrote dataconnect/dataconnect.yaml 
[info] ✔  Wrote dataconnect/schema/schema.gql 
[info] ✔  Wrote dataconnect/connector/connector.yaml 
[info] ✔  Wrote dataconnect/connector/queries.gql 
[info] ✔  Wrote dataconnect/connector/mutations.gql 
[info] ✔  Detected WEB app in directory /home/dave/Desktop/peerIQ 
[info] i  Detected react app. Enabling react generated SDKs. 
[info] i  Writing your new SDK configuration to /home/dave/Desktop/peerIQ/dataconnect/connector/connector.yaml 
[info] ✔  Wrote dataconnect/connector/connector.yaml 
[info] i  dataconnect: downloading dataconnect-emulator-2.2.0... {"metadata":{"emulator":{"name":"dataconnect"},"message":"downloading dataconnect-emulator-2.2.0..."}}
[debug] [2025-04-17T10:12:09.507Z] >>> [apiv2][query] GET https://storage.googleapis.com/firemat-preview-drop/emulator/dataconnect-emulator-linux-v2.2.0 
[debug] [2025-04-17T10:12:10.947Z] <<< [apiv2][status] GET https://storage.googleapis.com/firemat-preview-drop/emulator/dataconnect-emulator-linux-v2.2.0 200
[debug] [2025-04-17T10:12:10.947Z] <<< [apiv2][body] GET https://storage.googleapis.com/firemat-preview-drop/emulator/dataconnect-emulator-linux-v2.2.0 [stream]
[debug] [2025-04-17T10:25:49.982Z] defaultcredentials: writing to file /home/dave/.config/firebase/deeemperor101_gmail_com_application_default_credentials.json
[debug] [2025-04-17T10:25:49.990Z] Setting GAC to /home/dave/.config/firebase/deeemperor101_gmail_com_application_default_credentials.json {"metadata":{"emulator":{"name":"dataconnect"},"message":"Setting GAC to /home/dave/.config/firebase/deeemperor101_gmail_com_application_default_credentials.json"}}
[info] I0417 11:25:50.115824   24005 codegen.go:82] [connector "default" javascriptSdk] Generating sources into "/home/dave/Desktop/peerIQ/dataconnect-generated/js/default-connector"
I0417 11:25:50.130052   24005 generate.go:40] Generated all sources. Writing them to disk...
I0417 11:25:50.131124   24005 collector.go:107] connector "default" javascriptSdk wrote into "/home/dave/Desktop/peerIQ/dataconnect-generated/js/default-connector"
Generated sources: index.d.ts [246B] esm/package.json [17B] package.json [860B] README.md [2774B] react/index.d.ts [228B] react/README.md [5417B] esm/index.esm.js [109B] index.cjs.js [144B] react/package.json [468B] react/esm/package.json [17B] react/index.cjs.js [0B] react/esm/index.esm.js [0B] 
I0417 11:25:50.134732   24005 installsdk.go:80] Running command: /home/dave/.nvm/versions/node/v22.11.0/bin/npm install file:dataconnect-generated/js/default-connector
E0417 11:34:27.905254   24005 installsdk.go:82] Failed to install package: exit status 1

[info] i  Generated SDK code for default 
[info] i  Visit https://firebase.google.com/docs/data-connect/web-sdk#react for more information on how to set up React Generated SDKs for Firebase Data Connect 
[info] ✔  If you'd like to add more generated SDKs to your app your later, run firebase init dataconnect:sdk again 
[info] i  If you'd like to provision a CloudSQL Postgres instance on the Firebase Data Connect no-cost trial:
1. Please upgrade to the pay-as-you-go (Blaze) billing plan. Visit the following page:
     https://console.firebase.google.com/project/peeriq-72fc3/usage/details
2. Run firebase init dataconnect again to configure the Cloud SQL instance.
3. Run firebase deploy --only dataconnect to deploy your Data Connect service. 
[info] 
=== Firestore Setup
[debug] [2025-04-17T10:34:27.912Z] Checked if tokens are valid: true, expires at: 1744887218961
[debug] [2025-04-17T10:34:27.912Z] Checked if tokens are valid: true, expires at: 1744887218961
[debug] [2025-04-17T10:34:27.912Z] >>> [apiv2][query] GET https://serviceusage.googleapis.com/v1/projects/peeriq-72fc3/services/firestore.googleapis.com [none]
[debug] [2025-04-17T10:34:27.912Z] >>> [apiv2][(partial)header] GET https://serviceusage.googleapis.com/v1/projects/peeriq-72fc3/services/firestore.googleapis.com x-goog-quota-user=projects/peeriq-72fc3
[debug] [2025-04-17T10:34:32.851Z] <<< [apiv2][status] GET https://serviceusage.googleapis.com/v1/projects/peeriq-72fc3/services/firestore.googleapis.com 200
[debug] [2025-04-17T10:34:32.852Z] <<< [apiv2][body] GET https://serviceusage.googleapis.com/v1/projects/peeriq-72fc3/services/firestore.googleapis.com [omitted]
[debug] [2025-04-17T10:34:32.854Z] Checked if tokens are valid: true, expires at: 1744887218961
[debug] [2025-04-17T10:34:32.854Z] Checked if tokens are valid: true, expires at: 1744887218961
[debug] [2025-04-17T10:34:32.855Z] >>> [apiv2][query] GET https://firestore.googleapis.com/v1/projects/peeriq-72fc3/databases/(default) [none]
[debug] [2025-04-17T10:34:33.397Z] *** [apiv2] error from fetch(https://firestore.googleapis.com/v1/projects/peeriq-72fc3/databases/(default), {"headers":{},"method":"GET"}): FetchError: request to https://firestore.googleapis.com/v1/projects/peeriq-72fc3/databases/(default) failed, reason: 
[debug] [2025-04-17T10:34:33.398Z] error getting database type:  Failed to make request to https://firestore.googleapis.com/v1/projects/peeriq-72fc3/databases/(default) {"name":"FirebaseError","children":[],"exit":1,"message":"Failed to make request to https://firestore.googleapis.com/v1/projects/peeriq-72fc3/databases/(default)","original":{"message":"request to https://firestore.googleapis.com/v1/projects/peeriq-72fc3/databases/(default) failed, reason: ","type":"system","errno":"ETIMEDOUT","code":"ETIMEDOUT"},"status":500}
[debug] [2025-04-17T10:34:33.399Z] database_type: undefined
[debug] [2025-04-17T10:34:33.400Z] database_type: undefined
[debug] [2025-04-17T10:34:38.449Z] Error: Timed out.
    at Timeout._onTimeout (/home/dave/.nvm/versions/node/v22.11.0/lib/node_modules/firebase-tools/lib/utils.js:269:49)
    at listOnTimeout (node:internal/timers:594:17)
    at process.processTimers (node:internal/timers:529:7)
[error] 
[error] Error: An unexpected error has occurred.
